C:\Program Files (x86)\Microsoft Visual Studio\2017\Enterprise\Common7\IDE\VC\VCTargets\Microsoft.CppBuild.targets(391,5): warning MSB8028: Das Zwischenverzeichnis (Debug\) enthält freigegebene Dateien aus einem anderen Projekt (ConsoleApplication1.vcxproj). Dies kann zu einem falschen Bereinigungs- und Neuerstellungsverhalten führen.
  shader.vert
  depth.vert
  shader.frag
EXEC : warning : shader.frag:3: '#extension' : extension not supported: GL_KHR_vulkan_glsl
  
  shader.comp
EXEC : warning : shader.comp:3: '#extension' : extension not supported: GL_KHR_vulkan_glsl
EXEC : warning : shader.comp:4: '#extension' : extension not supported: GL_ARB_compute_variable_group_size
  
  main.cpp
c:\program files (x86)\windows kits\10\include\10.0.17763.0\shared\minwindef.h(130): warning C4005: "APIENTRY": Makro-Neudefinition
  c:\users\chris\source\repos\consoleapplication1\glfw-3.2.1.bin.win32\include\glfw\glfw3.h(98): note: Siehe vorherige Definition von "APIENTRY"
c:\program files (x86)\windows kits\10\include\10.0.17763.0\um\wingdi.h(36): warning C4005: "WINGDIAPI": Makro-Neudefinition
  c:\users\chris\source\repos\consoleapplication1\glfw-3.2.1.bin.win32\include\glfw\glfw3.h(107): note: Siehe vorherige Definition von "WINGDIAPI"
c:\users\chris\source\repos\consoleapplication1\consoleapplication1\easyimage.h(87): warning C4244: "Argument": Konvertierung von "VkDeviceSize" in "size_t", möglicher Datenverlust
c:\users\chris\source\repos\consoleapplication1\consoleapplication1\mesh.h(141): warning C4244: "Argument": Konvertierung von "VkDeviceSize" in "size_t", möglicher Datenverlust
c:\users\chris\source\repos\consoleapplication1\consoleapplication1\mesh.h(157): warning C4244: "Argument": Konvertierung von "VkDeviceSize" in "size_t", möglicher Datenverlust
c:\users\chris\source\repos\consoleapplication1\consoleapplication1\pipeline.h(80): warning C4244: "=": Konvertierung von "uint32_t" in "float", möglicher Datenverlust
c:\users\chris\source\repos\consoleapplication1\consoleapplication1\pipeline.h(81): warning C4244: "=": Konvertierung von "uint32_t" in "float", möglicher Datenverlust
c:\users\chris\source\repos\consoleapplication1\consoleapplication1\pipeline.h(270): warning C4101: "pipelineShaderStageCreateInfoCompute": Unreferenzierte lokale Variable
c:\users\chris\source\repos\consoleapplication1\consoleapplication1\main.cpp(264): warning C4553: "==": Ergebnis des Ausdrucks nicht verwendet. War "=" gemeint?
c:\users\chris\source\repos\consoleapplication1\consoleapplication1\main.cpp(265): warning C4553: "==": Ergebnis des Ausdrucks nicht verwendet. War "=" gemeint?
c:\users\chris\source\repos\consoleapplication1\consoleapplication1\main.cpp(396): warning C4018: "<": Konflikt zwischen "signed" und "unsigned"
c:\users\chris\source\repos\consoleapplication1\consoleapplication1\main.cpp(1322): warning C4244: "=": Konvertierung von "uint32_t" in "float", möglicher Datenverlust
c:\users\chris\source\repos\consoleapplication1\consoleapplication1\main.cpp(1323): warning C4244: "=": Konvertierung von "uint32_t" in "float", möglicher Datenverlust
c:\users\chris\source\repos\consoleapplication1\consoleapplication1\main.cpp(1567): warning C4018: "<": Konflikt zwischen "signed" und "unsigned"
c:\users\chris\source\repos\consoleapplication1\consoleapplication1\main.cpp(1611): warning C4244: "Initialisierung": Konvertierung von "_Rep" in "double", möglicher Datenverlust
          with
          [
              _Rep=__int64
          ]
c:\users\chris\source\repos\consoleapplication1\consoleapplication1\main.cpp(1687): warning C4018: "<": Konflikt zwischen "signed" und "unsigned"
  ConsoleApplication1.vcxproj -> C:\Users\Chris\source\repos\ConsoleApplication1\Debug\VulkanRenderer.exe
